<?xml version="1.0" encoding="utf-8" standalone="no"?>
<!--This file represents the results of running a test suite-->
<test-results name="C:\Users\Petith\Desktop\Git UPCNET\Proyecto\UPCNETSystemCliente\UPCNETUnitTesting\bin\Debug\UPCNETUnitTesting.dll" total="6" errors="0" failures="0" not-run="0" inconclusive="0" ignored="0" skipped="0" invalid="0" date="2016-06-22" time="06:26:52">
  <environment nunit-version="2.6.4.14350" clr-version="2.0.50727.8689" os-version="Microsoft Windows NT 6.2.9200.0" platform="Win32NT" cwd="C:\Users\Petith\Downloads\NUnit-2.6.4 (1)\NUnit-2.6.4\bin" machine-name="ASUS" user="Petith" user-domain="asus" />
  <culture-info current-culture="es-PE" current-uiculture="es-ES" />
  <test-suite type="Assembly" name="C:\Users\Petith\Desktop\Git UPCNET\Proyecto\UPCNETSystemCliente\UPCNETUnitTesting\bin\Debug\UPCNETUnitTesting.dll" executed="True" result="Success" success="True" time="2.918" asserts="0">
    <results>
      <test-suite type="Namespace" name="UPCNETUnitTesting" executed="True" result="Success" success="True" time="2.918" asserts="0">
        <results>
          <test-suite type="Namespace" name="ViewModel" executed="True" result="Success" success="True" time="2.917" asserts="0">
            <results>
              <test-suite type="TestFixture" name="ViewModelTesting" executed="True" result="Success" success="True" time="2.917" asserts="0">
                <results>
                  <test-suite type="ParameterizedTest" name="Alumno_HorarioViewModel_Fill" executed="True" result="Success" success="True" time="0.713" asserts="0">
                    <results>
                      <test-case name="UPCNETUnitTesting.ViewModel.ViewModelTesting.Alumno_HorarioViewModel_Fill(&quot;alumno&quot;)" executed="True" result="Success" success="True" time="0.712" asserts="2" />
                    </results>
                  </test-suite>
                  <test-suite type="ParameterizedTest" name="Alumno_LstCursoViewModel_Fill" executed="True" result="Success" success="True" time="0.590" asserts="0">
                    <results>
                      <test-case name="UPCNETUnitTesting.ViewModel.ViewModelTesting.Alumno_LstCursoViewModel_Fill(&quot;alumno&quot;)" executed="True" result="Success" success="True" time="0.590" asserts="2" />
                    </results>
                  </test-suite>
                  <test-suite type="ParameterizedTest" name="Login_LoginViewModel_GetSet" executed="True" result="Success" success="True" time="0.001" asserts="0">
                    <results>
                      <test-case name="UPCNETUnitTesting.ViewModel.ViewModelTesting.Login_LoginViewModel_GetSet(&quot;username&quot;,&quot;password&quot;)" executed="True" result="Success" success="True" time="0.000" asserts="2" />
                    </results>
                  </test-suite>
                  <test-suite type="ParameterizedTest" name="Profesor_HorarioViewModel_Fill" executed="True" result="Success" success="True" time="0.540" asserts="0">
                    <results>
                      <test-case name="UPCNETUnitTesting.ViewModel.ViewModelTesting.Profesor_HorarioViewModel_Fill(&quot;profesor&quot;)" executed="True" result="Success" success="True" time="0.539" asserts="2" />
                    </results>
                  </test-suite>
                  <test-suite type="ParameterizedTest" name="Profesor_LstAlumnoViewModel_Fill" executed="True" result="Success" success="True" time="0.528" asserts="0">
                    <results>
                      <test-case name="UPCNETUnitTesting.ViewModel.ViewModelTesting.Profesor_LstAlumnoViewModel_Fill(&quot;curso&quot;)" executed="True" result="Success" success="True" time="0.527" asserts="2" />
                    </results>
                  </test-suite>
                  <test-suite type="ParameterizedTest" name="Profesor_LstCursoViewModel_Fill" executed="True" result="Success" success="True" time="0.528" asserts="0">
                    <results>
                      <test-case name="UPCNETUnitTesting.ViewModel.ViewModelTesting.Profesor_LstCursoViewModel_Fill(&quot;profesor&quot;)" executed="True" result="Success" success="True" time="0.527" asserts="2" />
                    </results>
                  </test-suite>
                </results>
              </test-suite>
            </results>
          </test-suite>
        </results>
      </test-suite>
    </results>
  </test-suite>
</test-results>